Start testing: Jun 21 13:10 中国标准时间
----------------------------------------------------------
1/3 Testing: test_hash_map
1/3 Test: test_hash_map
Command: "E:/database2/pj2/myjql-template-b-tree2-1/myjql/build/test/Release/test_hash_map.exe"
Directory: E:/database2/pj2/myjql-template-b-tree2-1/myjql/build/test
"test_hash_map" start time: Jun 21 13:10 中国标准时间
Output:
----------------------------------------------------------
max_val = 128
max_val = 128
max_val = 128
max_val = 128
END OF TEST
<end of output>
Test time =  69.02 sec
----------------------------------------------------------
Test Passed.
"test_hash_map" end time: Jun 21 13:12 中国标准时间
"test_hash_map" time elapsed: 00:01:09
----------------------------------------------------------

2/3 Testing: test_str
2/3 Test: test_str
Command: "E:/database2/pj2/myjql-template-b-tree2-1/myjql/build/test/Release/test_str.exe"
Directory: E:/database2/pj2/myjql-template-b-tree2-1/myjql/build/test
"test_str" start time: Jun 21 13:12 中国标准时间
Output:
----------------------------------------------------------
END OF TEST
<end of output>
Test time =   0.81 sec
----------------------------------------------------------
Test Passed.
"test_str" end time: Jun 21 13:12 中国标准时间
"test_str" time elapsed: 00:00:00
----------------------------------------------------------

3/3 Testing: test_b_tree
3/3 Test: test_b_tree
Command: "E:/database2/pj2/myjql-template-b-tree2-1/myjql/build/test/Release/test_b_tree.exe"
Directory: E:/database2/pj2/myjql-template-b-tree2-1/myjql/build/test
"test_b_tree" start time: Jun 21 13:12 中国标准时间
Output:
----------------------------------------------------------
PAGE_SIZE = 128
DEGREE = 2
BNode size: 104
END OF TEST
<end of output>
Test time =  28.06 sec
----------------------------------------------------------
Test Passed.
"test_b_tree" end time: Jun 21 13:12 中国标准时间
"test_b_tree" time elapsed: 00:00:28
----------------------------------------------------------

End testing: Jun 21 13:12 中国标准时间
