Start testing: Jun 07 21:10 中国标准时间
----------------------------------------------------------
1/3 Testing: test_hash_map
1/3 Test: test_hash_map
Command: "E:/database2/pj2/myJQL-v1/myjql/build/test/Debug/test_hash_map.exe"
Directory: E:/database2/pj2/myJQL-v1/myjql/build/test
"test_hash_map" start time: Jun 07 21:10 中国标准时间
Output:
----------------------------------------------------------
max_val = 128
max_val = 128
max_val = 128
max_val = 128
END OF TEST
<end of output>
Test time =  72.24 sec
----------------------------------------------------------
Test Passed.
"test_hash_map" end time: Jun 07 21:11 中国标准时间
"test_hash_map" time elapsed: 00:01:12
----------------------------------------------------------

2/3 Testing: test_str
2/3 Test: test_str
Command: "E:/database2/pj2/myJQL-v1/myjql/build/test/Debug/test_str.exe"
Directory: E:/database2/pj2/myJQL-v1/myjql/build/test
"test_str" start time: Jun 07 21:11 中国标准时间
Output:
----------------------------------------------------------
END OF TEST
<end of output>
Test time =   0.79 sec
----------------------------------------------------------
Test Passed.
"test_str" end time: Jun 07 21:11 中国标准时间
"test_str" time elapsed: 00:00:00
----------------------------------------------------------

3/3 Testing: test_b_tree
3/3 Test: test_b_tree
Command: "E:/database2/pj2/myJQL-v1/myjql/build/test/Debug/test_b_tree.exe"
Directory: E:/database2/pj2/myJQL-v1/myjql/build/test
"test_b_tree" start time: Jun 07 21:11 中国标准时间
Output:
----------------------------------------------------------
PAGE_SIZE = 128
DEGREE = 3
BNode size: 120
* error: 
expected: RID(-1, 0), got: RID(4931134828228543465, 0)
<end of output>
Test time =   0.03 sec
----------------------------------------------------------
Test Failed.
"test_b_tree" end time: Jun 07 21:11 中国标准时间
"test_b_tree" time elapsed: 00:00:00
----------------------------------------------------------

End testing: Jun 07 21:11 中国标准时间
